{"logLevel":"debug","message":"multithreading is set to false"}
{"logLevel":"debug","message":"Using reflection to scan dependencies for gauge implementations..."}
log4j:WARN No appenders could be found for logger (io.grpc.netty.shaded.io.netty.util.internal.logging.InternalLoggerFactory).
log4j:WARN Please initialize the log4j system properly.
log4j:WARN See http://logging.apache.org/log4j/1.2/faq.html#noconfig for more info.
{"logLevel":"debug","message":"gauge-java took 1606milliseconds to load and scan. This should be less than 'runner_connection_timeout' config value."}
{"logLevel":"debug","message":"run 'gauge config runner_connection_timeout' and verify that it is < 1606"}
{"logLevel":"debug","message":"starting gRPC server..."}
{"logLevel":"debug","message":"started gRPC server on port 50313"}
{"logLevel":"info","message":"Listening on port:50313"}
{"logLevel":"debug","message":"Scanning packages for steps"}
{"logLevel":"debug","message":"Comparing 'BaseStep.xpathControl' and 'BaseStep.xpathControl'"}
{"logLevel":"debug","message":"Found {} xpath kontrol in current project scope."}
{"logLevel":"debug","message":"Comparing 'BaseStep.idControl' and 'BaseStep.idControl'"}
{"logLevel":"debug","message":"Found {} id kontrol in current project scope."}
{"logLevel":"debug","message":"Comparing 'BaseStep.randomProduct' and 'BaseStep.randomProduct'"}
{"logLevel":"debug","message":"Found {} Random ürün seç in current project scope."}
{"logLevel":"debug","message":"Comparing 'BaseStep.scroll' and 'BaseStep.scroll'"}
{"logLevel":"debug","message":"Found Scroll Yap in current project scope."}
{"logLevel":"debug","message":"Comparing 'BaseStep.xpathClick' and 'BaseStep.xpathClick'"}
{"logLevel":"debug","message":"Found {} xpath tıkla in current project scope."}
{"logLevel":"debug","message":"Comparing 'BaseStep.textControl' and 'BaseStep.textControl'"}
{"logLevel":"debug","message":"Found {} id'li element {} text değerini içeridiğini kontrol et in current project scope."}
{"logLevel":"debug","message":"Comparing 'BaseStep.elementClick' and 'BaseStep.elementClick'"}
{"logLevel":"debug","message":"Found {} tıkla in current project scope."}
{"logLevel":"debug","message":"Comparing 'BaseStep.sendKeysbyid' and 'BaseStep.sendKeysbyid'"}
{"logLevel":"debug","message":"Found {} id'li elemente {} text değerini yaz in current project scope."}
{"logLevel":"debug","message":"Comparing 'BaseStep.waitForsecond' and 'BaseStep.waitForsecond'"}
{"logLevel":"debug","message":"Found {} saniye bekle in current project scope."}
{"logLevel":"debug","message":"Scanning packages for hooks"}
{"logLevel":"debug","message":"Scanned steps (using static parsing + reflections): "}
{"logLevel":"debug","message":"\t{} tıkla : public void elementClick(String selectorid)"}
{"logLevel":"debug","message":"\t{} saniye bekle : public void waitForsecond(ınt wait) throws InterruptedException"}
{"logLevel":"debug","message":"\t{} xpath kontrol : public void xpathControl(String selectorid)"}
{"logLevel":"debug","message":"\t{} id'li elemente {} text değerini yaz : public void sendKeysbyid(String id, String text)"}
{"logLevel":"debug","message":"\tScroll Yap : public void scroll()"}
{"logLevel":"debug","message":"\t{} Random ürün seç : public void randomProduct(String xpath)"}
{"logLevel":"debug","message":"\t{} id'li element {} text değerini içeridiğini kontrol et : public void textControl(String key, String keyword)"}
{"logLevel":"debug","message":"\t{} xpath tıkla : public void xpathClick(String xpath)"}
{"logLevel":"debug","message":"\t{} id kontrol : public void idControl(String key)"}
Lokalde Android ayaga kalkti
May 22, 2022 11:28:25 PM io.appium.java_client.remote.AppiumCommandExecutor$1 lambda$0
INFO: Detected dialect: W3C
{"logLevel":"debug","message":"Executing '{} saniye bekle' using 'class BaseStep.waitForsecond"}
{"logLevel":"info","message":"3 saniye bekliyor"}
3saniye bekle{"logLevel":"debug","message":"Executing '{} id kontrol' using 'class BaseStep.idControl"}
{"logLevel":"info","message":"Sayfa kontrolü yapılıyor"}
{"logLevel":"debug","message":"Killing Java runner..."}
{"logLevel":"debug","message":"Stopping execution pool..."}
{"logLevel":"debug","message":"Shutting down grpc server..."}
{"logLevel":"debug","message":"Runner killed gracefully."}
