{"logLevel":"debug","message":"multithreading is set to false"}
{"logLevel":"debug","message":"Using reflection to scan dependencies for gauge implementations..."}
log4j:WARN No appenders could be found for logger (io.grpc.netty.shaded.io.netty.util.internal.logging.InternalLoggerFactory).
log4j:WARN Please initialize the log4j system properly.
log4j:WARN See http://logging.apache.org/log4j/1.2/faq.html#noconfig for more info.
{"logLevel":"debug","message":"gauge-java took 3240milliseconds to load and scan. This should be less than 'runner_connection_timeout' config value."}
{"logLevel":"debug","message":"run 'gauge config runner_connection_timeout' and verify that it is < 3240"}
{"logLevel":"debug","message":"starting gRPC server..."}
{"logLevel":"debug","message":"started gRPC server on port 50360"}
{"logLevel":"info","message":"Listening on port:50360"}
{"logLevel":"debug","message":"Scanning packages for steps"}
{"logLevel":"debug","message":"Comparing 'BaseStep.SepeteEkle' and 'BaseStep.SepeteEkle'"}
{"logLevel":"debug","message":"Found {} sepete ekleme yap in current project scope."}
{"logLevel":"debug","message":"Comparing 'BaseStep.waitForSeconds' and 'BaseStep.waitForSeconds'"}
{"logLevel":"debug","message":"Found {} saniye kadar bekle in current project scope."}
{"logLevel":"debug","message":"Comparing 'BaseStep.clickById' and 'BaseStep.clickById'"}
{"logLevel":"debug","message":"Found id{} li elemente tıkla in current project scope."}
{"logLevel":"debug","message":"Comparing 'BaseStep.FavoriEkle' and 'BaseStep.FavoriEkle'"}
{"logLevel":"debug","message":"Found xpath{} favoriye ekle in current project scope."}
{"logLevel":"debug","message":"Comparing 'BaseStep.clickByXpathPantolon' and 'BaseStep.clickByXpathPantolon'"}
{"logLevel":"debug","message":"Found xpath{} Pantolon kategorisine tıklandı in current project scope."}
{"logLevel":"debug","message":"Comparing 'BaseStep.checkText1' and 'BaseStep.checkText1'"}
{"logLevel":"debug","message":"Found id{} li elementi ara in current project scope."}
{"logLevel":"debug","message":"Comparing 'BaseStep.clickBykategori' and 'BaseStep.clickBykategori'"}
{"logLevel":"debug","message":"Found id{} kategoriye tıkla in current project scope."}
{"logLevel":"debug","message":"Comparing 'BaseStep.loginPassword' and 'BaseStep.loginPassword'"}
{"logLevel":"debug","message":"Found {} 'li elemente {} şifre girme in current project scope."}
{"logLevel":"debug","message":"Comparing 'BaseStep.checkText3' and 'BaseStep.checkText3'"}
{"logLevel":"debug","message":"Found id{} giris  kontrolü in current project scope."}
{"logLevel":"debug","message":"Comparing 'BaseStep.checkText' and 'BaseStep.checkText'"}
{"logLevel":"debug","message":"Found id{} li elementi kontrol et in current project scope."}
{"logLevel":"debug","message":"Comparing 'BaseStep.checkUrunDetay' and 'BaseStep.checkUrunDetay'"}
{"logLevel":"debug","message":"Found id{} urun detay kontrolü in current project scope."}
{"logLevel":"debug","message":"Comparing 'BaseStep.loginMail' and 'BaseStep.loginMail'"}
{"logLevel":"debug","message":"Found {} id'li elemente {} email adresi girme in current project scope."}
{"logLevel":"debug","message":"Comparing 'BaseStep.clickByXpathkadin' and 'BaseStep.clickByXpathkadin'"}
{"logLevel":"debug","message":"Found xpath{} kadın kategorisine tıkla in current project scope."}
{"logLevel":"debug","message":"Comparing 'BaseStep.selectRandom' and 'BaseStep.selectRandom'"}
{"logLevel":"debug","message":"Found Rastgele bir ürün seç in current project scope."}
{"logLevel":"debug","message":"Comparing 'BaseStep.clickGeri' and 'BaseStep.clickGeri'"}
{"logLevel":"debug","message":"Found id{} geri tusuna tıkla in current project scope."}
{"logLevel":"debug","message":"Scanning packages for hooks"}
{"logLevel":"debug","message":"Scanned steps (using static parsing + reflections): "}
{"logLevel":"debug","message":"\txpath{} Pantolon kategorisine tıklandı : public void clickByXpathPantolon(String pantolon)"}
{"logLevel":"debug","message":"\tid{} li elementi ara : public void checkText1(String id)"}
{"logLevel":"debug","message":"\tRastgele bir ürün seç : public void selectRandom()"}
{"logLevel":"debug","message":"\tid{} urun detay kontrolü : public void checkUrunDetay(String id)"}
{"logLevel":"debug","message":"\t{} id'li elemente {} email adresi girme : public void loginMail(String emailId, String emailText)"}
{"logLevel":"debug","message":"\tid{} geri tusuna tıkla : public void clickGeri(String id)"}
{"logLevel":"debug","message":"\txpath{} kadın kategorisine tıkla : public void clickByXpathkadin(String kadin)"}
{"logLevel":"debug","message":"\tid{} giris  kontrolü : public void checkText3(String id)"}
{"logLevel":"debug","message":"\tid{} li elementi kontrol et : public void checkText(String id)"}
{"logLevel":"debug","message":"\txpath{} favoriye ekle : public void FavoriEkle(String favXpath)"}
{"logLevel":"debug","message":"\tid{} kategoriye tıkla : public void clickBykategori(String kategori)"}
{"logLevel":"debug","message":"\t{} 'li elemente {} şifre girme : public void loginPassword(String passwordId, String passwordText)"}
{"logLevel":"debug","message":"\tid{} li elemente tıkla : public void clickById(String id)"}
{"logLevel":"debug","message":"\t{} sepete ekleme yap : public void SepeteEkle(String sepetId)"}
{"logLevel":"debug","message":"\t{} saniye kadar bekle : public void waitForSeconds(ınt wait) throws InterruptedException"}
Lokalde Android ayaga kalktiMay 23, 2022 2:09:46 AM BaseTest Setup
INFO: Android testi basliyor

May 23, 2022 2:09:59 AM io.appium.java_client.remote.AppiumCommandExecutor$1 lambda$0
INFO: Detected dialect: W3C
{"logLevel":"debug","message":"Executing '{} saniye kadar bekle' using 'class BaseStep.waitForSeconds"}
{"logLevel":"debug","message":"Executing '{} saniye kadar bekle' using 'class BaseStep.waitForSeconds"}
{"logLevel":"debug","message":"Executing 'id{} li elementi kontrol et' using 'class BaseStep.checkText"}
{"logLevel":"debug","message":"Executing '{} saniye kadar bekle' using 'class BaseStep.waitForSeconds"}
{"logLevel":"debug","message":"Executing '{} saniye kadar bekle' using 'class BaseStep.waitForSeconds"}
{"logLevel":"debug","message":"Executing 'id{} li elemente tıkla' using 'class BaseStep.clickById"}
{"logLevel":"info","message":"Uygulama acildi"}
{"logLevel":"debug","message":"Executing '{} saniye kadar bekle' using 'class BaseStep.waitForSeconds"}
{"logLevel":"debug","message":"Executing '{} saniye kadar bekle' using 'class BaseStep.waitForSeconds"}
{"logLevel":"debug","message":"Executing 'id{} li elementi ara' using 'class BaseStep.checkText1"}
{"logLevel":"info","message":"Alisveris sayfasi acildi"}
{"logLevel":"debug","message":"Executing '{} saniye kadar bekle' using 'class BaseStep.waitForSeconds"}
{"logLevel":"debug","message":"Executing '{} saniye kadar bekle' using 'class BaseStep.waitForSeconds"}
{"logLevel":"debug","message":"Executing 'id{} kategoriye tıkla' using 'class BaseStep.clickBykategori"}
{"logLevel":"info","message":"Kategoriye tiklandi"}
{"logLevel":"debug","message":"Executing '{} saniye kadar bekle' using 'class BaseStep.waitForSeconds"}
{"logLevel":"debug","message":"Executing '{} saniye kadar bekle' using 'class BaseStep.waitForSeconds"}
{"logLevel":"debug","message":"Executing 'xpath{} kadın kategorisine tıkla' using 'class BaseStep.clickByXpathkadin"}
{"logLevel":"debug","message":"Executing '{} saniye kadar bekle' using 'class BaseStep.waitForSeconds"}
{"logLevel":"debug","message":"Executing '{} saniye kadar bekle' using 'class BaseStep.waitForSeconds"}
{"logLevel":"debug","message":"Executing 'xpath{} Pantolon kategorisine tıklandı' using 'class BaseStep.clickByXpathPantolon"}
{"logLevel":"debug","message":"Executing '{} saniye kadar bekle' using 'class BaseStep.waitForSeconds"}
{"logLevel":"debug","message":"Executing '{} saniye kadar bekle' using 'class BaseStep.waitForSeconds"}
{"logLevel":"debug","message":"Executing '{} saniye kadar bekle' using 'class BaseStep.waitForSeconds"}
{"logLevel":"debug","message":"Executing 'id{} urun detay kontrolü' using 'class BaseStep.checkUrunDetay"}
{"logLevel":"debug","message":"Killing Java runner..."}
{"logLevel":"debug","message":"Stopping execution pool..."}
{"logLevel":"debug","message":"Shutting down grpc server..."}
{"logLevel":"debug","message":"Runner killed gracefully."}
